This file contains any messages produced by compilers while
running configure, to aid debugging if configure makes a mistake.

It was created by par2cmdline configure 0.4, which was
generated by GNU Autoconf 2.69.  Invocation command line was

  $ ./configure 

## --------- ##
## Platform. ##
## --------- ##

hostname = arch
uname -m = x86_64
uname -r = 3.14.4-1-ARCH
uname -s = Linux
uname -v = #1 SMP PREEMPT Tue May 13 16:41:39 CEST 2014

/usr/bin/uname -p = unknown
/bin/uname -X     = unknown

/bin/arch              = unknown
/usr/bin/arch -k       = unknown
/usr/convex/getsysinfo = unknown
/usr/bin/hostinfo      = unknown
/bin/machine           = unknown
/usr/bin/oslevel       = unknown
/bin/universe          = unknown

PATH: /usr/local/sbin
PATH: /usr/local/bin
PATH: /usr/bin
PATH: /usr/bin/vendor_perl
PATH: /usr/bin/core_perl
PATH: /home/samiv/jdk1.7.0_05/bin/


## ----------- ##
## Core tests. ##
## ----------- ##

configure:2279: checking build system type
configure:2293: result: x86_64-unknown-linux-gnu
configure:2313: checking host system type
configure:2326: result: x86_64-unknown-linux-gnu
configure:2364: checking for a BSD-compatible install
configure:2432: result: /usr/bin/install -c
configure:2443: checking whether build environment is sane
configure:2480: result: yes
configure:2534: checking for gawk
configure:2550: found /usr/bin/gawk
configure:2561: result: gawk
configure:2572: checking whether make sets $(MAKE)
configure:2594: result: yes
configure:2828: checking for g++
configure:2844: found /usr/bin/g++
configure:2855: result: g++
configure:2882: checking for C++ compiler version
configure:2891: g++ --version >&5
g++ (GCC) 4.9.0 20140507 (prerelease)
Copyright (C) 2014 Free Software Foundation, Inc.
This is free software; see the source for copying conditions.  There is NO
warranty; not even for MERCHANTABILITY or FITNESS FOR A PARTICULAR PURPOSE.

configure:2902: $? = 0
configure:2891: g++ -v >&5
Using built-in specs.
COLLECT_GCC=g++
COLLECT_LTO_WRAPPER=/usr/lib/gcc/x86_64-unknown-linux-gnu/4.9.0/lto-wrapper
Target: x86_64-unknown-linux-gnu
Configured with: /build/gcc/src/gcc-4.9-20140507/configure --prefix=/usr --libdir=/usr/lib --libexecdir=/usr/lib --mandir=/usr/share/man --infodir=/usr/share/info --with-bugurl=https://bugs.archlinux.org/ --enable-languages=c,c++,ada,fortran,go,lto,objc,obj-c++ --enable-shared --enable-threads=posix --with-system-zlib --enable-__cxa_atexit --disable-libunwind-exceptions --enable-clocale=gnu --disable-libstdcxx-pch --disable-libssp --enable-gnu-unique-object --enable-linker-build-id --enable-cloog-backend=isl --disable-cloog-version-check --enable-lto --enable-plugin --enable-install-libiberty --with-linker-hash-style=gnu --disable-multilib --disable-werror --enable-checking=release
Thread model: posix
gcc version 4.9.0 20140507 (prerelease) (GCC) 
configure:2902: $? = 0
configure:2891: g++ -V >&5
g++: error: unrecognized command line option '-V'
g++: fatal error: no input files
compilation terminated.
configure:2902: $? = 1
configure:2891: g++ -qversion >&5
g++: error: unrecognized command line option '-qversion'
g++: fatal error: no input files
compilation terminated.
configure:2902: $? = 1
configure:2922: checking whether the C++ compiler works
configure:2944: g++    conftest.cpp  >&5
configure:2948: $? = 0
configure:2996: result: yes
configure:2999: checking for C++ compiler default output file name
configure:3001: result: a.out
configure:3007: checking for suffix of executables
configure:3014: g++ -o conftest    conftest.cpp  >&5
configure:3018: $? = 0
configure:3040: result: 
configure:3062: checking whether we are cross compiling
configure:3070: g++ -o conftest    conftest.cpp  >&5
configure:3074: $? = 0
configure:3081: ./conftest
configure:3085: $? = 0
configure:3100: result: no
configure:3105: checking for suffix of object files
configure:3127: g++ -c   conftest.cpp >&5
configure:3131: $? = 0
configure:3152: result: o
configure:3156: checking whether we are using the GNU C++ compiler
configure:3175: g++ -c   conftest.cpp >&5
configure:3175: $? = 0
configure:3184: result: yes
configure:3193: checking whether g++ accepts -g
configure:3213: g++ -c -g  conftest.cpp >&5
configure:3213: $? = 0
configure:3254: result: yes
configure:3288: checking for style of include used by make
configure:3316: result: GNU
configure:3344: checking dependency style of g++
configure:3429: result: gcc3
configure:3497: checking for gcc
configure:3513: found /usr/bin/gcc
configure:3524: result: gcc
configure:3753: checking for C compiler version
configure:3762: gcc --version >&5
gcc (GCC) 4.9.0 20140507 (prerelease)
Copyright (C) 2014 Free Software Foundation, Inc.
This is free software; see the source for copying conditions.  There is NO
warranty; not even for MERCHANTABILITY or FITNESS FOR A PARTICULAR PURPOSE.

configure:3773: $? = 0
configure:3762: gcc -v >&5
Using built-in specs.
COLLECT_GCC=gcc
COLLECT_LTO_WRAPPER=/usr/lib/gcc/x86_64-unknown-linux-gnu/4.9.0/lto-wrapper
Target: x86_64-unknown-linux-gnu
Configured with: /build/gcc/src/gcc-4.9-20140507/configure --prefix=/usr --libdir=/usr/lib --libexecdir=/usr/lib --mandir=/usr/share/man --infodir=/usr/share/info --with-bugurl=https://bugs.archlinux.org/ --enable-languages=c,c++,ada,fortran,go,lto,objc,obj-c++ --enable-shared --enable-threads=posix --with-system-zlib --enable-__cxa_atexit --disable-libunwind-exceptions --enable-clocale=gnu --disable-libstdcxx-pch --disable-libssp --enable-gnu-unique-object --enable-linker-build-id --enable-cloog-backend=isl --disable-cloog-version-check --enable-lto --enable-plugin --enable-install-libiberty --with-linker-hash-style=gnu --disable-multilib --disable-werror --enable-checking=release
Thread model: posix
gcc version 4.9.0 20140507 (prerelease) (GCC) 
configure:3773: $? = 0
configure:3762: gcc -V >&5
gcc: error: unrecognized command line option '-V'
gcc: fatal error: no input files
compilation terminated.
configure:3773: $? = 1
configure:3762: gcc -qversion >&5
gcc: error: unrecognized command line option '-qversion'
gcc: fatal error: no input files
compilation terminated.
configure:3773: $? = 1
configure:3777: checking whether we are using the GNU C compiler
configure:3796: gcc -c   conftest.c >&5
configure:3796: $? = 0
configure:3805: result: yes
configure:3814: checking whether gcc accepts -g
configure:3834: gcc -c -g  conftest.c >&5
configure:3834: $? = 0
configure:3875: result: yes
configure:3892: checking for gcc option to accept ISO C89
configure:3955: gcc  -c -g -O2  conftest.c >&5
configure:3955: $? = 0
configure:3968: result: none needed
configure:3990: checking dependency style of gcc
configure:4075: result: gcc3
configure:4096: checking for dirent.h that defines DIR
configure:4115: gcc -c -g -O2  conftest.c >&5
configure:4115: $? = 0
configure:4123: result: yes
configure:4136: checking for library containing opendir
configure:4167: gcc -o conftest -g -O2   conftest.c  >&5
configure:4167: $? = 0
configure:4184: result: none required
configure:4256: checking how to run the C preprocessor
configure:4287: gcc -E  conftest.c
configure:4287: $? = 0
configure:4301: gcc -E  conftest.c
conftest.c:12:28: fatal error: ac_nonexistent.h: No such file or directory
 #include <ac_nonexistent.h>
                            ^
compilation terminated.
configure:4301: $? = 1
configure: failed program was:
| /* confdefs.h */
| #define PACKAGE_NAME "par2cmdline"
| #define PACKAGE_TARNAME "par2cmdline"
| #define PACKAGE_VERSION "0.4"
| #define PACKAGE_STRING "par2cmdline 0.4"
| #define PACKAGE_BUGREPORT "peterbclements@users.sourceforge.net"
| #define PACKAGE_URL ""
| #define PACKAGE "par2cmdline"
| #define VERSION "0.4"
| #define HAVE_DIRENT_H 1
| /* end confdefs.h.  */
| #include <ac_nonexistent.h>
configure:4326: result: gcc -E
configure:4346: gcc -E  conftest.c
configure:4346: $? = 0
configure:4360: gcc -E  conftest.c
conftest.c:12:28: fatal error: ac_nonexistent.h: No such file or directory
 #include <ac_nonexistent.h>
                            ^
compilation terminated.
configure:4360: $? = 1
configure: failed program was:
| /* confdefs.h */
| #define PACKAGE_NAME "par2cmdline"
| #define PACKAGE_TARNAME "par2cmdline"
| #define PACKAGE_VERSION "0.4"
| #define PACKAGE_STRING "par2cmdline 0.4"
| #define PACKAGE_BUGREPORT "peterbclements@users.sourceforge.net"
| #define PACKAGE_URL ""
| #define PACKAGE "par2cmdline"
| #define VERSION "0.4"
| #define HAVE_DIRENT_H 1
| /* end confdefs.h.  */
| #include <ac_nonexistent.h>
configure:4389: checking for grep that handles long lines and -e
configure:4447: result: /usr/bin/grep
configure:4452: checking for egrep
configure:4514: result: /usr/bin/grep -E
configure:4519: checking for ANSI C header files
configure:4539: gcc -c -g -O2  conftest.c >&5
configure:4539: $? = 0
configure:4612: gcc -o conftest -g -O2   conftest.c  >&5
configure:4612: $? = 0
configure:4612: ./conftest
configure:4612: $? = 0
configure:4623: result: yes
configure:4636: checking for sys/types.h
configure:4636: gcc -c -g -O2  conftest.c >&5
configure:4636: $? = 0
configure:4636: result: yes
configure:4636: checking for sys/stat.h
configure:4636: gcc -c -g -O2  conftest.c >&5
configure:4636: $? = 0
configure:4636: result: yes
configure:4636: checking for stdlib.h
configure:4636: gcc -c -g -O2  conftest.c >&5
configure:4636: $? = 0
configure:4636: result: yes
configure:4636: checking for string.h
configure:4636: gcc -c -g -O2  conftest.c >&5
configure:4636: $? = 0
configure:4636: result: yes
configure:4636: checking for memory.h
configure:4636: gcc -c -g -O2  conftest.c >&5
configure:4636: $? = 0
configure:4636: result: yes
configure:4636: checking for strings.h
configure:4636: gcc -c -g -O2  conftest.c >&5
configure:4636: $? = 0
configure:4636: result: yes
configure:4636: checking for inttypes.h
configure:4636: gcc -c -g -O2  conftest.c >&5
configure:4636: $? = 0
configure:4636: result: yes
configure:4636: checking for stdint.h
configure:4636: gcc -c -g -O2  conftest.c >&5
configure:4636: $? = 0
configure:4636: result: yes
configure:4636: checking for unistd.h
configure:4636: gcc -c -g -O2  conftest.c >&5
configure:4636: $? = 0
configure:4636: result: yes
configure:4648: checking for stdbool.h that conforms to C99
configure:4715: gcc -c -g -O2  conftest.c >&5
configure:4715: $? = 0
configure:4722: result: yes
configure:4724: checking for _Bool
configure:4724: gcc -c -g -O2  conftest.c >&5
configure:4724: $? = 0
configure:4724: gcc -c -g -O2  conftest.c >&5
conftest.c: In function 'main':
conftest.c:58:20: error: expected expression before ')' token
 if (sizeof ((_Bool)))
                    ^
configure:4724: $? = 1
configure: failed program was:
| /* confdefs.h */
| #define PACKAGE_NAME "par2cmdline"
| #define PACKAGE_TARNAME "par2cmdline"
| #define PACKAGE_VERSION "0.4"
| #define PACKAGE_STRING "par2cmdline 0.4"
| #define PACKAGE_BUGREPORT "peterbclements@users.sourceforge.net"
| #define PACKAGE_URL ""
| #define PACKAGE "par2cmdline"
| #define VERSION "0.4"
| #define HAVE_DIRENT_H 1
| #define STDC_HEADERS 1
| #define HAVE_SYS_TYPES_H 1
| #define HAVE_SYS_STAT_H 1
| #define HAVE_STDLIB_H 1
| #define HAVE_STRING_H 1
| #define HAVE_MEMORY_H 1
| #define HAVE_STRINGS_H 1
| #define HAVE_INTTYPES_H 1
| #define HAVE_STDINT_H 1
| #define HAVE_UNISTD_H 1
| /* end confdefs.h.  */
| #include <stdio.h>
| #ifdef HAVE_SYS_TYPES_H
| # include <sys/types.h>
| #endif
| #ifdef HAVE_SYS_STAT_H
| # include <sys/stat.h>
| #endif
| #ifdef STDC_HEADERS
| # include <stdlib.h>
| # include <stddef.h>
| #else
| # ifdef HAVE_STDLIB_H
| #  include <stdlib.h>
| # endif
| #endif
| #ifdef HAVE_STRING_H
| # if !defined STDC_HEADERS && defined HAVE_MEMORY_H
| #  include <memory.h>
| # endif
| # include <string.h>
| #endif
| #ifdef HAVE_STRINGS_H
| # include <strings.h>
| #endif
| #ifdef HAVE_INTTYPES_H
| # include <inttypes.h>
| #endif
| #ifdef HAVE_STDINT_H
| # include <stdint.h>
| #endif
| #ifdef HAVE_UNISTD_H
| # include <unistd.h>
| #endif
| int
| main ()
| {
| if (sizeof ((_Bool)))
| 	    return 0;
|   ;
|   return 0;
| }
configure:4724: result: yes
configure:4741: checking for ANSI C header files
configure:4845: result: yes
configure:4856: checking stdio.h usability
configure:4856: gcc -c -g -O2  conftest.c >&5
configure:4856: $? = 0
configure:4856: result: yes
configure:4856: checking stdio.h presence
configure:4856: gcc -E  conftest.c
configure:4856: $? = 0
configure:4856: result: yes
configure:4856: checking for stdio.h
configure:4856: result: yes
configure:4856: checking endian.h usability
configure:4856: gcc -c -g -O2  conftest.c >&5
configure:4856: $? = 0
configure:4856: result: yes
configure:4856: checking endian.h presence
configure:4856: gcc -E  conftest.c
configure:4856: $? = 0
configure:4856: result: yes
configure:4856: checking for endian.h
configure:4856: result: yes
configure:4868: checking getopt.h usability
configure:4868: gcc -c -g -O2  conftest.c >&5
configure:4868: $? = 0
configure:4868: result: yes
configure:4868: checking getopt.h presence
configure:4868: gcc -E  conftest.c
configure:4868: $? = 0
configure:4868: result: yes
configure:4868: checking for getopt.h
configure:4868: result: yes
configure:4879: checking for size_t
configure:4879: gcc -c -g -O2  conftest.c >&5
configure:4879: $? = 0
configure:4879: gcc -c -g -O2  conftest.c >&5
conftest.c: In function 'main':
conftest.c:64:21: error: expected expression before ')' token
 if (sizeof ((size_t)))
                     ^
configure:4879: $? = 1
configure: failed program was:
| /* confdefs.h */
| #define PACKAGE_NAME "par2cmdline"
| #define PACKAGE_TARNAME "par2cmdline"
| #define PACKAGE_VERSION "0.4"
| #define PACKAGE_STRING "par2cmdline 0.4"
| #define PACKAGE_BUGREPORT "peterbclements@users.sourceforge.net"
| #define PACKAGE_URL ""
| #define PACKAGE "par2cmdline"
| #define VERSION "0.4"
| #define HAVE_DIRENT_H 1
| #define STDC_HEADERS 1
| #define HAVE_SYS_TYPES_H 1
| #define HAVE_SYS_STAT_H 1
| #define HAVE_STDLIB_H 1
| #define HAVE_STRING_H 1
| #define HAVE_MEMORY_H 1
| #define HAVE_STRINGS_H 1
| #define HAVE_INTTYPES_H 1
| #define HAVE_STDINT_H 1
| #define HAVE_UNISTD_H 1
| #define HAVE__BOOL 1
| #define HAVE_STDBOOL_H 1
| #define STDC_HEADERS 1
| #define HAVE_STDIO_H 1
| #define HAVE_ENDIAN_H 1
| #define HAVE_GETOPT_H 1
| /* end confdefs.h.  */
| #include <stdio.h>
| #ifdef HAVE_SYS_TYPES_H
| # include <sys/types.h>
| #endif
| #ifdef HAVE_SYS_STAT_H
| # include <sys/stat.h>
| #endif
| #ifdef STDC_HEADERS
| # include <stdlib.h>
| # include <stddef.h>
| #else
| # ifdef HAVE_STDLIB_H
| #  include <stdlib.h>
| # endif
| #endif
| #ifdef HAVE_STRING_H
| # if !defined STDC_HEADERS && defined HAVE_MEMORY_H
| #  include <memory.h>
| # endif
| # include <string.h>
| #endif
| #ifdef HAVE_STRINGS_H
| # include <strings.h>
| #endif
| #ifdef HAVE_INTTYPES_H
| # include <inttypes.h>
| #endif
| #ifdef HAVE_STDINT_H
| # include <stdint.h>
| #endif
| #ifdef HAVE_UNISTD_H
| # include <unistd.h>
| #endif
| int
| main ()
| {
| if (sizeof ((size_t)))
| 	    return 0;
|   ;
|   return 0;
| }
configure:4879: result: yes
configure:4890: checking whether byte ordering is bigendian
configure:4905: gcc -c -g -O2  conftest.c >&5
conftest.c:29:9: error: unknown type name 'not'
         not a universal capable compiler
         ^
conftest.c:29:15: error: expected '=', ',', ';', 'asm' or '__attribute__' before 'universal'
         not a universal capable compiler
               ^
conftest.c:29:15: error: unknown type name 'universal'
configure:4905: $? = 1
configure: failed program was:
| /* confdefs.h */
| #define PACKAGE_NAME "par2cmdline"
| #define PACKAGE_TARNAME "par2cmdline"
| #define PACKAGE_VERSION "0.4"
| #define PACKAGE_STRING "par2cmdline 0.4"
| #define PACKAGE_BUGREPORT "peterbclements@users.sourceforge.net"
| #define PACKAGE_URL ""
| #define PACKAGE "par2cmdline"
| #define VERSION "0.4"
| #define HAVE_DIRENT_H 1
| #define STDC_HEADERS 1
| #define HAVE_SYS_TYPES_H 1
| #define HAVE_SYS_STAT_H 1
| #define HAVE_STDLIB_H 1
| #define HAVE_STRING_H 1
| #define HAVE_MEMORY_H 1
| #define HAVE_STRINGS_H 1
| #define HAVE_INTTYPES_H 1
| #define HAVE_STDINT_H 1
| #define HAVE_UNISTD_H 1
| #define HAVE__BOOL 1
| #define HAVE_STDBOOL_H 1
| #define STDC_HEADERS 1
| #define HAVE_STDIO_H 1
| #define HAVE_ENDIAN_H 1
| #define HAVE_GETOPT_H 1
| /* end confdefs.h.  */
| #ifndef __APPLE_CC__
| 	       not a universal capable compiler
| 	     #endif
| 	     typedef int dummy;
| 
configure:4950: gcc -c -g -O2  conftest.c >&5
configure:4950: $? = 0
configure:4968: gcc -c -g -O2  conftest.c >&5
conftest.c: In function 'main':
conftest.c:35:4: error: unknown type name 'not'
    not big endian
    ^
conftest.c:35:12: error: expected '=', ',', ';', 'asm' or '__attribute__' before 'endian'
    not big endian
            ^
configure:4968: $? = 1
configure: failed program was:
| /* confdefs.h */
| #define PACKAGE_NAME "par2cmdline"
| #define PACKAGE_TARNAME "par2cmdline"
| #define PACKAGE_VERSION "0.4"
| #define PACKAGE_STRING "par2cmdline 0.4"
| #define PACKAGE_BUGREPORT "peterbclements@users.sourceforge.net"
| #define PACKAGE_URL ""
| #define PACKAGE "par2cmdline"
| #define VERSION "0.4"
| #define HAVE_DIRENT_H 1
| #define STDC_HEADERS 1
| #define HAVE_SYS_TYPES_H 1
| #define HAVE_SYS_STAT_H 1
| #define HAVE_STDLIB_H 1
| #define HAVE_STRING_H 1
| #define HAVE_MEMORY_H 1
| #define HAVE_STRINGS_H 1
| #define HAVE_INTTYPES_H 1
| #define HAVE_STDINT_H 1
| #define HAVE_UNISTD_H 1
| #define HAVE__BOOL 1
| #define HAVE_STDBOOL_H 1
| #define STDC_HEADERS 1
| #define HAVE_STDIO_H 1
| #define HAVE_ENDIAN_H 1
| #define HAVE_GETOPT_H 1
| /* end confdefs.h.  */
| #include <sys/types.h>
| 		#include <sys/param.h>
| 
| int
| main ()
| {
| #if BYTE_ORDER != BIG_ENDIAN
| 		 not big endian
| 		#endif
| 
|   ;
|   return 0;
| }
configure:5096: result: no
configure:5114: checking for an ANSI C-conforming const
configure:5180: gcc -c -g -O2  conftest.c >&5
configure:5180: $? = 0
configure:5187: result: yes
configure:5195: checking for inline
configure:5211: gcc -c -g -O2  conftest.c >&5
configure:5211: $? = 0
configure:5219: result: inline
configure:5244: checking for special C compiler options needed for large files
configure:5289: result: no
configure:5295: checking for _FILE_OFFSET_BITS value needed for large files
configure:5320: gcc -c -g -O2  conftest.c >&5
configure:5320: $? = 0
configure:5352: result: no
configure:5437: checking for _LARGEFILE_SOURCE value needed for large files
configure:5456: gcc -o conftest -g -O2   conftest.c  >&5
configure:5456: $? = 0
configure:5484: result: no
configure:5506: checking for working memcmp
configure:5549: gcc -o conftest -g -O2   conftest.c  >&5
configure:5549: $? = 0
configure:5549: ./conftest
configure:5549: $? = 0
configure:5559: result: yes
configure:5571: checking for stricmp
configure:5571: gcc -o conftest -g -O2   conftest.c  >&5
/tmp/ccGEvYmT.o: In function `main':
/home/samiv/coding/newsflash/par2cmdline/conftest.c:63: undefined reference to `stricmp'
collect2: error: ld returned 1 exit status
configure:5571: $? = 1
configure: failed program was:
| /* confdefs.h */
| #define PACKAGE_NAME "par2cmdline"
| #define PACKAGE_TARNAME "par2cmdline"
| #define PACKAGE_VERSION "0.4"
| #define PACKAGE_STRING "par2cmdline 0.4"
| #define PACKAGE_BUGREPORT "peterbclements@users.sourceforge.net"
| #define PACKAGE_URL ""
| #define PACKAGE "par2cmdline"
| #define VERSION "0.4"
| #define HAVE_DIRENT_H 1
| #define STDC_HEADERS 1
| #define HAVE_SYS_TYPES_H 1
| #define HAVE_SYS_STAT_H 1
| #define HAVE_STDLIB_H 1
| #define HAVE_STRING_H 1
| #define HAVE_MEMORY_H 1
| #define HAVE_STRINGS_H 1
| #define HAVE_INTTYPES_H 1
| #define HAVE_STDINT_H 1
| #define HAVE_UNISTD_H 1
| #define HAVE__BOOL 1
| #define HAVE_STDBOOL_H 1
| #define STDC_HEADERS 1
| #define HAVE_STDIO_H 1
| #define HAVE_ENDIAN_H 1
| #define HAVE_GETOPT_H 1
| #define HAVE_FSEEKO 1
| /* end confdefs.h.  */
| /* Define stricmp to an innocuous variant, in case <limits.h> declares stricmp.
|    For example, HP-UX 11i <limits.h> declares gettimeofday.  */
| #define stricmp innocuous_stricmp
| 
| /* System header to define __stub macros and hopefully few prototypes,
|     which can conflict with char stricmp (); below.
|     Prefer <limits.h> to <assert.h> if __STDC__ is defined, since
|     <limits.h> exists even on freestanding compilers.  */
| 
| #ifdef __STDC__
| # include <limits.h>
| #else
| # include <assert.h>
| #endif
| 
| #undef stricmp
| 
| /* Override any GCC internal prototype to avoid an error.
|    Use char because int might match the return type of a GCC
|    builtin and then its argument prototype would still apply.  */
| #ifdef __cplusplus
| extern "C"
| #endif
| char stricmp ();
| /* The GNU C library defines this for functions which it implements
|     to always fail with ENOSYS.  Some functions are actually named
|     something starting with __ and the normal name is an alias.  */
| #if defined __stub_stricmp || defined __stub___stricmp
| choke me
| #endif
| 
| int
| main ()
| {
| return stricmp ();
|   ;
|   return 0;
| }
configure:5571: result: no
configure:5571: checking for strcasecmp
configure:5571: gcc -o conftest -g -O2   conftest.c  >&5
conftest.c:52:6: warning: conflicting types for built-in function 'strcasecmp'
 char strcasecmp ();
      ^
configure:5571: $? = 0
configure:5571: result: yes
configure:5583: checking for strchr
configure:5583: gcc -o conftest -g -O2   conftest.c  >&5
conftest.c:53:6: warning: conflicting types for built-in function 'strchr'
 char strchr ();
      ^
configure:5583: $? = 0
configure:5583: result: yes
configure:5583: checking for memcpy
configure:5583: gcc -o conftest -g -O2   conftest.c  >&5
conftest.c:54:6: warning: conflicting types for built-in function 'memcpy'
 char memcpy ();
      ^
configure:5583: $? = 0
configure:5583: result: yes
configure:5596: checking for getopt
configure:5596: gcc -o conftest -g -O2   conftest.c  >&5
configure:5596: $? = 0
configure:5596: result: yes
configure:5596: checking for getopt_long
configure:5596: gcc -o conftest -g -O2   conftest.c  >&5
configure:5596: $? = 0
configure:5596: result: yes
configure:5737: creating ./config.status

## ---------------------- ##
## Running config.status. ##
## ---------------------- ##

This file was extended by par2cmdline config.status 0.4, which was
generated by GNU Autoconf 2.69.  Invocation command line was

  CONFIG_FILES    = 
  CONFIG_HEADERS  = 
  CONFIG_LINKS    = 
  CONFIG_COMMANDS = 
  $ ./config.status 

on arch

config.status:868: creating stamp-h
config.status:868: creating Makefile
config.status:971: WARNING:  'Makefile.in' seems to ignore the --datarootdir setting
config.status:868: creating config.h
config.status:1043: config.h is unchanged
config.status:1090: executing depfiles commands

## ---------------- ##
## Cache variables. ##
## ---------------- ##

ac_cv_build=x86_64-unknown-linux-gnu
ac_cv_c_bigendian=no
ac_cv_c_compiler_gnu=yes
ac_cv_c_const=yes
ac_cv_c_inline=inline
ac_cv_cxx_compiler_gnu=yes
ac_cv_env_CCC_set=
ac_cv_env_CCC_value=
ac_cv_env_CC_set=
ac_cv_env_CC_value=
ac_cv_env_CFLAGS_set=
ac_cv_env_CFLAGS_value=
ac_cv_env_CPPFLAGS_set=
ac_cv_env_CPPFLAGS_value=
ac_cv_env_CPP_set=
ac_cv_env_CPP_value=
ac_cv_env_CXXFLAGS_set=
ac_cv_env_CXXFLAGS_value=
ac_cv_env_CXX_set=
ac_cv_env_CXX_value=
ac_cv_env_LDFLAGS_set=
ac_cv_env_LDFLAGS_value=
ac_cv_env_LIBS_set=
ac_cv_env_LIBS_value=
ac_cv_env_build_alias_set=
ac_cv_env_build_alias_value=
ac_cv_env_host_alias_set=
ac_cv_env_host_alias_value=
ac_cv_env_target_alias_set=
ac_cv_env_target_alias_value=
ac_cv_func_getopt=yes
ac_cv_func_getopt_long=yes
ac_cv_func_memcmp_working=yes
ac_cv_func_memcpy=yes
ac_cv_func_strcasecmp=yes
ac_cv_func_strchr=yes
ac_cv_func_stricmp=no
ac_cv_header_dirent_dirent_h=yes
ac_cv_header_endian_h=yes
ac_cv_header_getopt_h=yes
ac_cv_header_inttypes_h=yes
ac_cv_header_memory_h=yes
ac_cv_header_stdbool_h=yes
ac_cv_header_stdc=yes
ac_cv_header_stdint_h=yes
ac_cv_header_stdio_h=yes
ac_cv_header_stdlib_h=yes
ac_cv_header_string_h=yes
ac_cv_header_strings_h=yes
ac_cv_header_sys_stat_h=yes
ac_cv_header_sys_types_h=yes
ac_cv_header_unistd_h=yes
ac_cv_host=x86_64-unknown-linux-gnu
ac_cv_objext=o
ac_cv_path_EGREP='/usr/bin/grep -E'
ac_cv_path_GREP=/usr/bin/grep
ac_cv_path_install='/usr/bin/install -c'
ac_cv_prog_AWK=gawk
ac_cv_prog_CPP='gcc -E'
ac_cv_prog_ac_ct_CC=gcc
ac_cv_prog_ac_ct_CXX=g++
ac_cv_prog_cc_c89=
ac_cv_prog_cc_g=yes
ac_cv_prog_cxx_g=yes
ac_cv_prog_make_make_set=yes
ac_cv_search_opendir='none required'
ac_cv_sys_file_offset_bits=no
ac_cv_sys_largefile_CC=no
ac_cv_sys_largefile_source=no
ac_cv_type__Bool=yes
ac_cv_type_size_t=yes
am_cv_CC_dependencies_compiler_type=gcc3
am_cv_CXX_dependencies_compiler_type=gcc3

## ----------------- ##
## Output variables. ##
## ----------------- ##

ACLOCAL='${SHELL} /home/samiv/coding/newsflash/par2cmdline/missing --run aclocal-1.8'
AMDEPBACKSLASH='\'
AMDEP_FALSE='#'
AMDEP_TRUE=''
AMTAR='${SHELL} /home/samiv/coding/newsflash/par2cmdline/missing --run tar'
AUTOCONF='${SHELL} /home/samiv/coding/newsflash/par2cmdline/missing --run autoconf'
AUTOHEADER='${SHELL} /home/samiv/coding/newsflash/par2cmdline/missing --run autoheader'
AUTOMAKE='${SHELL} /home/samiv/coding/newsflash/par2cmdline/missing --run automake-1.8'
AWK='gawk'
CC='gcc'
CCDEPMODE='depmode=gcc3'
CFLAGS='-g -O2'
CPP='gcc -E'
CPPFLAGS=''
CXX='g++'
CXXDEPMODE='depmode=gcc3'
CXXFLAGS='-g -O2'
CYGPATH_W='echo'
DEFS='-DHAVE_CONFIG_H'
DEPDIR='.deps'
ECHO_C=''
ECHO_N='-n'
ECHO_T=''
EGREP='/usr/bin/grep -E'
EXEEXT=''
GREP='/usr/bin/grep'
INSTALL_DATA='${INSTALL} -m 644'
INSTALL_PROGRAM='${INSTALL}'
INSTALL_SCRIPT='${INSTALL}'
INSTALL_STRIP_PROGRAM='${SHELL} $(install_sh) -c -s'
LDFLAGS=''
LIBOBJS=''
LIBS=''
LTLIBOBJS=''
MAKEINFO='${SHELL} /home/samiv/coding/newsflash/par2cmdline/missing --run makeinfo'
OBJEXT='o'
PACKAGE='par2cmdline'
PACKAGE_BUGREPORT='peterbclements@users.sourceforge.net'
PACKAGE_NAME='par2cmdline'
PACKAGE_STRING='par2cmdline 0.4'
PACKAGE_TARNAME='par2cmdline'
PACKAGE_URL=''
PACKAGE_VERSION='0.4'
PATH_SEPARATOR=':'
SET_MAKE=''
SHELL='/bin/sh'
STRIP=''
VERSION='0.4'
ac_ct_CC='gcc'
ac_ct_CXX='g++'
am__fastdepCC_FALSE='#'
am__fastdepCC_TRUE=''
am__fastdepCXX_FALSE='#'
am__fastdepCXX_TRUE=''
am__include='include'
am__leading_dot='.'
am__quote=''
bindir='${exec_prefix}/bin'
build='x86_64-unknown-linux-gnu'
build_alias=''
build_cpu='x86_64'
build_os='linux-gnu'
build_vendor='unknown'
datadir='${datarootdir}'
datarootdir='${prefix}/share'
docdir='${datarootdir}/doc/${PACKAGE_TARNAME}'
dvidir='${docdir}'
exec_prefix='${prefix}'
host='x86_64-unknown-linux-gnu'
host_alias=''
host_cpu='x86_64'
host_os='linux-gnu'
host_vendor='unknown'
htmldir='${docdir}'
includedir='${prefix}/include'
infodir='${datarootdir}/info'
install_sh='/home/samiv/coding/newsflash/par2cmdline/install-sh'
libdir='${exec_prefix}/lib'
libexecdir='${exec_prefix}/libexec'
localedir='${datarootdir}/locale'
localstatedir='${prefix}/var'
mandir='${datarootdir}/man'
mkdir_p='mkdir -p -- .'
oldincludedir='/usr/include'
pdfdir='${docdir}'
prefix='/usr/local'
program_transform_name='s,x,x,'
psdir='${docdir}'
sbindir='${exec_prefix}/sbin'
sharedstatedir='${prefix}/com'
sysconfdir='${prefix}/etc'
target_alias=''

## ----------- ##
## confdefs.h. ##
## ----------- ##

/* confdefs.h */
#define PACKAGE_NAME "par2cmdline"
#define PACKAGE_TARNAME "par2cmdline"
#define PACKAGE_VERSION "0.4"
#define PACKAGE_STRING "par2cmdline 0.4"
#define PACKAGE_BUGREPORT "peterbclements@users.sourceforge.net"
#define PACKAGE_URL ""
#define PACKAGE "par2cmdline"
#define VERSION "0.4"
#define HAVE_DIRENT_H 1
#define STDC_HEADERS 1
#define HAVE_SYS_TYPES_H 1
#define HAVE_SYS_STAT_H 1
#define HAVE_STDLIB_H 1
#define HAVE_STRING_H 1
#define HAVE_MEMORY_H 1
#define HAVE_STRINGS_H 1
#define HAVE_INTTYPES_H 1
#define HAVE_STDINT_H 1
#define HAVE_UNISTD_H 1
#define HAVE__BOOL 1
#define HAVE_STDBOOL_H 1
#define STDC_HEADERS 1
#define HAVE_STDIO_H 1
#define HAVE_ENDIAN_H 1
#define HAVE_GETOPT_H 1
#define HAVE_FSEEKO 1
#define HAVE_STRCASECMP 1
#define HAVE_STRCHR 1
#define HAVE_MEMCPY 1
#define HAVE_GETOPT 1
#define HAVE_GETOPT_LONG 1

configure: exit 0
